This is pdfTeX, Version 3.14159265-2.6-1.40.19 (MiKTeX 2.9.6930) (preloaded format=pdflatex 2019.1.21)  22 JAN 2019 19:51
entering extended mode
**"./FTDIProgrammer User Manual.tex"
("FTDIProgrammer User Manual.tex"
LaTeX2e <2018-12-01>
(D:\miktex\texmfs\install\tex/latex/base\report.cls
Document Class: report 2018/09/03 v1.4i Standard LaTeX document class
(D:\miktex\texmfs\install\tex/latex/base\size12.clo
File: size12.clo 2018/09/03 v1.4i Standard LaTeX file (size option)
)
\c@part=\count80
\c@chapter=\count81
\c@section=\count82
\c@subsection=\count83
\c@subsubsection=\count84
\c@paragraph=\count85
\c@subparagraph=\count86
\c@figure=\count87
\c@table=\count88
\abovecaptionskip=\skip41
\belowcaptionskip=\skip42
\bibindent=\dimen102
)
(D:\miktex\texmfs\install\tex/latex/hyperref\hyperref.sty
Package: hyperref 2018/11/30 v6.88e Hypertext links for LaTeX

(D:\miktex\texmfs\install\tex/generic/oberdiek\hobsub-hyperref.sty
Package: hobsub-hyperref 2016/05/16 v1.14 Bundle oberdiek, subset hyperref (HO)


(D:\miktex\texmfs\install\tex/generic/oberdiek\hobsub-generic.sty
Package: hobsub-generic 2016/05/16 v1.14 Bundle oberdiek, subset generic (HO)
Package: hobsub 2016/05/16 v1.14 Construct package bundles (HO)
Package: infwarerr 2016/05/16 v1.4 Providing info/warning/error messages (HO)
Package: ltxcmds 2016/05/16 v1.23 LaTeX kernel commands for general use (HO)
Package: ifluatex 2016/05/16 v1.4 Provides the ifluatex switch (HO)
Package ifluatex Info: LuaTeX not detected.
Package: ifvtex 2016/05/16 v1.6 Detect VTeX and its facilities (HO)
Package ifvtex Info: VTeX not detected.
Package: intcalc 2016/05/16 v1.2 Expandable calculations with integers (HO)
Package: ifpdf 2018/09/07 v3.3 Provides the ifpdf switch
Package: etexcmds 2016/05/16 v1.6 Avoid name clashes with e-TeX commands (HO)
Package: kvsetkeys 2016/05/16 v1.17 Key value parser (HO)
Package: kvdefinekeys 2016/05/16 v1.4 Define keys (HO)
Package: pdftexcmds 2018/09/10 v0.29 Utility functions of pdfTeX for LuaTeX (HO
)
Package pdftexcmds Info: LuaTeX not detected.
Package pdftexcmds Info: \pdf@primitive is available.
Package pdftexcmds Info: \pdf@ifprimitive is available.
Package pdftexcmds Info: \pdfdraftmode found.
Package: pdfescape 2016/05/16 v1.14 Implements pdfTeX's escape features (HO)
Package: bigintcalc 2016/05/16 v1.4 Expandable calculations on big integers (HO
)
Package: bitset 2016/05/16 v1.2 Handle bit-vector datatype (HO)
Package: uniquecounter 2016/05/16 v1.3 Provide unlimited unique counter (HO)
)
Package hobsub Info: Skipping package `hobsub' (already loaded).
Package: letltxmacro 2016/05/16 v1.5 Let assignment for LaTeX macros (HO)
Package: hopatch 2016/05/16 v1.3 Wrapper for package hooks (HO)
Package: xcolor-patch 2016/05/16 xcolor patch
Package: atveryend 2016/05/16 v1.9 Hooks at the very end of document (HO)
Package atveryend Info: \enddocument detected (standard20110627).
Package: atbegshi 2016/06/09 v1.18 At begin shipout hook (HO)
Package: refcount 2016/05/16 v3.5 Data extraction from label references (HO)
Package: hycolor 2016/05/16 v1.8 Color options for hyperref/bookmark (HO)
)
(D:\miktex\texmfs\install\tex/latex/graphics\keyval.sty
Package: keyval 2014/10/28 v1.15 key=value parser (DPC)
\KV@toks@=\toks14
)
(D:\miktex\texmfs\install\tex/generic/ifxetex\ifxetex.sty
Package: ifxetex 2010/09/12 v0.6 Provides ifxetex conditional
)
(D:\miktex\texmfs\install\tex/latex/oberdiek\auxhook.sty
Package: auxhook 2016/05/16 v1.4 Hooks for auxiliary files (HO)
)
(D:\miktex\texmfs\install\tex/latex/oberdiek\kvoptions.sty
Package: kvoptions 2016/05/16 v3.12 Key value format for package options (HO)
)
\@linkdim=\dimen103
\Hy@linkcounter=\count89
\Hy@pagecounter=\count90

(D:\miktex\texmfs\install\tex/latex/hyperref\pd1enc.def
File: pd1enc.def 2018/11/30 v6.88e Hyperref: PDFDocEncoding definition (HO)
Now handling font encoding PD1 ...
... no UTF-8 mapping file for font encoding PD1
)
\Hy@SavedSpaceFactor=\count91

(D:\miktex\texmfs\install\tex/latex/00miktex\hyperref.cfg
File: hyperref.cfg 2002/06/06 v1.2 hyperref configuration of TeXLive
)
Package hyperref Info: Hyper figures OFF on input line 4519.
Package hyperref Info: Link nesting OFF on input line 4524.
Package hyperref Info: Hyper index ON on input line 4527.
Package hyperref Info: Plain pages OFF on input line 4534.
Package hyperref Info: Backreferencing OFF on input line 4539.
Package hyperref Info: Implicit mode ON; LaTeX internals redefined.
Package hyperref Info: Bookmarks ON on input line 4772.
\c@Hy@tempcnt=\count92
 (url.sty
\Urlmuskip=\muskip10
Package: url 2013/09/16  ver 3.4  Verb mode for urls, etc.
)
LaTeX Info: Redefining \url on input line 5125.
\XeTeXLinkMargin=\dimen104
\Fld@menulength=\count93
\Field@Width=\dimen105
\Fld@charsize=\dimen106
Package hyperref Info: Hyper figures OFF on input line 6380.
Package hyperref Info: Link nesting OFF on input line 6385.
Package hyperref Info: Hyper index ON on input line 6388.
Package hyperref Info: backreferencing OFF on input line 6395.
Package hyperref Info: Link coloring OFF on input line 6400.
Package hyperref Info: Link coloring with OCG OFF on input line 6405.
Package hyperref Info: PDF/A mode OFF on input line 6410.
LaTeX Info: Redefining \ref on input line 6450.
LaTeX Info: Redefining \pageref on input line 6454.
\Hy@abspage=\count94
\c@Item=\count95
\c@Hfootnote=\count96
)
Package hyperref Info: Driver (autodetected): hpdftex.

(D:\miktex\texmfs\install\tex/latex/hyperref\hpdftex.def
File: hpdftex.def 2018/11/30 v6.88e Hyperref driver for pdfTeX
\Fld@listcount=\count97
\c@bookmark@seq@number=\count98

(D:\miktex\texmfs\install\tex/latex/oberdiek\rerunfilecheck.sty
Package: rerunfilecheck 2016/05/16 v1.8 Rerun checks for auxiliary files (HO)
Package uniquecounter Info: New unique counter `rerunfilecheck' on input line 2
82.
)
\Hy@SectionHShift=\skip43
)
(D:\miktex\texmfs\install\tex/latex/graphics\graphicx.sty
Package: graphicx 2017/06/01 v1.1a Enhanced LaTeX Graphics (DPC,SPQR)

(D:\miktex\texmfs\install\tex/latex/graphics\graphics.sty
Package: graphics 2017/06/25 v1.2c Standard LaTeX Graphics (DPC,SPQR)

(D:\miktex\texmfs\install\tex/latex/graphics\trig.sty
Package: trig 2016/01/03 v1.10 sin cos tan (DPC)
)
(D:\miktex\texmfs\install\tex/latex/graphics-cfg\graphics.cfg
File: graphics.cfg 2016/06/04 v1.11 sample graphics configuration
)
Package graphics Info: Driver file: pdftex.def on input line 99.

(D:\miktex\texmfs\install\tex/latex/graphics-def\pdftex.def
File: pdftex.def 2018/01/08 v1.0l Graphics/color driver for pdftex
))
\Gin@req@height=\dimen107
\Gin@req@width=\dimen108
)
("FTDIProgrammer User Manual.aux")
\openout1 = `"FTDIProgrammer User Manual.aux"'.

LaTeX Font Info:    Checking defaults for OML/cmm/m/it on input line 17.
LaTeX Font Info:    ... okay on input line 17.
LaTeX Font Info:    Checking defaults for T1/cmr/m/n on input line 17.
LaTeX Font Info:    ... okay on input line 17.
LaTeX Font Info:    Checking defaults for OT1/cmr/m/n on input line 17.
LaTeX Font Info:    ... okay on input line 17.
LaTeX Font Info:    Checking defaults for OMS/cmsy/m/n on input line 17.
LaTeX Font Info:    ... okay on input line 17.
LaTeX Font Info:    Checking defaults for OMX/cmex/m/n on input line 17.
LaTeX Font Info:    ... okay on input line 17.
LaTeX Font Info:    Checking defaults for U/cmr/m/n on input line 17.
LaTeX Font Info:    ... okay on input line 17.
LaTeX Font Info:    Checking defaults for PD1/pdf/m/n on input line 17.
LaTeX Font Info:    ... okay on input line 17.
\AtBeginShipoutBox=\box27
Package hyperref Info: Link coloring OFF on input line 17.

(D:\miktex\texmfs\install\tex/latex/hyperref\nameref.sty
Package: nameref 2016/05/21 v2.44 Cross-referencing by name of section

(D:\miktex\texmfs\install\tex/generic/oberdiek\gettitlestring.sty
Package: gettitlestring 2016/05/16 v1.5 Cleanup title references (HO)
)
\c@section@level=\count99
)
LaTeX Info: Redefining \ref on input line 17.
LaTeX Info: Redefining \pageref on input line 17.
LaTeX Info: Redefining \nameref on input line 17.

("FTDIProgrammer User Manual.out") ("FTDIProgrammer User Manual.out")
\@outlinefile=\write3
\openout3 = `"FTDIProgrammer User Manual.out"'.


(D:\miktex\texmfs\install\tex/latex/oberdiek\epstopdf-base.sty
Package: epstopdf-base 2016/05/15 v2.6 Base part for package epstopdf

(D:\miktex\texmfs\install\tex/latex/oberdiek\grfext.sty
Package: grfext 2016/05/16 v1.2 Manage graphics extensions (HO)
)
Package epstopdf-base Info: Redefining graphics rule for `.eps' on input line 4
38.
Package grfext Info: Graphics extension search list:
(grfext)             [.pdf,.png,.jpg,.mps,.jpeg,.jbig2,.jb2,.PDF,.PNG,.JPG,.JPE
G,.JBIG2,.JB2,.eps]
(grfext)             \AppendGraphicsExtensions on input line 456.
)
LaTeX Font Info:    External font `cmex10' loaded for size
(Font)              <20.74> on input line 19.
LaTeX Font Info:    External font `cmex10' loaded for size
(Font)              <14.4> on input line 19.
LaTeX Font Info:    External font `cmex10' loaded for size
(Font)              <12> on input line 19.
LaTeX Font Info:    External font `cmex10' loaded for size
(Font)              <7> on input line 19.
 [1

{D:/miktex/texmfs/data/pdftex/config/pdftex.map}] ("FTDIProgrammer User Manual.
toc"
LaTeX Font Info:    External font `cmex10' loaded for size
(Font)              <8> on input line 1.
LaTeX Font Info:    External font `cmex10' loaded for size
(Font)              <6> on input line 1.
)
\tf@toc=\write4
\openout4 = `"FTDIProgrammer User Manual.toc"'.


Overfull \hbox (2.50288pt too wide) in paragraph at lines 28--31
\OT1/cmr/m/n/12 FTDI-programmer is an ap-pli-ca-tion writ-ten in pure python to
 ac-cess/program
 []

pdfTeX warning (ext4): destination with the same identifier (name{page.1}) has 
been already used, duplicate ignored
<to be read again> 
                   \relax 
l.38 T
      his is a $\beta$-version and hence the application has couple of limit...
[1

]
LaTeX Font Info:    Try loading font information for OMS+cmr on input line 45.
 (D:\miktex\texmfs\install\tex/latex/base\omscmr.fd
File: omscmr.fd 2014/09/29 v2.5h Standard LaTeX font definitions
)
LaTeX Font Info:    Font shape `OMS/cmr/m/n' in size <12> not available
(Font)              Font shape `OMS/cmsy/m/n' tried instead on input line 45.
 [2]
<./images/zadig_main.png, id=86, 451.6875pt x 207.77625pt>
File: ./images/zadig_main.png Graphic file (type png)
<use ./images/zadig_main.png>
Package pdftex.def Info: ./images/zadig_main.png  used on input line 111.
(pdftex.def)             Requested size: 316.17908pt x 145.44237pt.
<./images/zadig_libusb.png, id=88, 447.92343pt x 203.25937pt>
File: ./images/zadig_libusb.png Graphic file (type png)
<use ./images/zadig_libusb.png>
Package pdftex.def Info: ./images/zadig_libusb.png  used on input line 123.
(pdftex.def)             Requested size: 313.54427pt x 142.28058pt.
 [3 <./images/zadig_main.png>]
<./images/ft_channel_enable.png, id=102, 367.3725pt x 367.3725pt>
File: ./images/ft_channel_enable.png Graphic file (type png)
<use ./images/ft_channel_enable.png>
Package pdftex.def Info: ./images/ft_channel_enable.png  used on input line 140
.
(pdftex.def)             Requested size: 257.15898pt x 257.15898pt.


LaTeX Warning: `h' float specifier changed to `ht'.

[4 <./images/zadig_libusb.png>] [5 <./images/ft_channel_enable.png>]
<./images/smbus_flash_script_generation.png, id=116, 618.05907pt x 628.59843pt>

File: ./images/smbus_flash_script_generation.png Graphic file (type png)
<use ./images/smbus_flash_script_generation.png>
Package pdftex.def Info: ./images/smbus_flash_script_generation.png  used on in
put line 202.
(pdftex.def)             Requested size: 432.6384pt x 440.0159pt.

Overfull \hbox (42.6384pt too wide) in paragraph at lines 202--203
 [][] 
 []


Overfull \hbox (0.33578pt too wide) in paragraph at lines 219--222
\OT1/cmr/m/n/12 FTDI-programmer.exe to s-tart the ap-pli-ca-tion. En-sure al-l 
sup-port-ing files(dll
 []

[6] [7 <./images/smbus_flash_script_generation.png>]
Package atveryend Info: Empty hook `BeforeClearDocument' on input line 263.
 [8]
Package atveryend Info: Empty hook `AfterLastShipout' on input line 263.

("FTDIProgrammer User Manual.aux")
Package atveryend Info: Executing hook `AtVeryEndDocument' on input line 263.
Package atveryend Info: Executing hook `AtEndAfterFileList' on input line 263.
Package rerunfilecheck Info: File `"FTDIProgrammer User Manual".out' has not ch
anged.
(rerunfilecheck)             Checksum: F85E9EF5E69CD4A0B3F0D67A88F3745D;656.
Package atveryend Info: Empty hook `AtVeryVeryEnd' on input line 263.
 ) 
Here is how much of TeX's memory you used:
 4807 strings out of 494846
 71845 string characters out of 3178556
 154971 words of memory out of 3000000
 8406 multiletter control sequences out of 15000+200000
 10198 words of font info for 36 fonts, out of 3000000 for 9000
 14 hyphenation exceptions out of 8191
 28i,7n,28p,235b,480s stack positions out of 5000i,500n,10000p,200000b,50000s
<D:/miktex/texmfs/install/fonts/type1/public/amsfonts/cm/cmbx12.pfb><D:/mikte
x/texmfs/install/fonts/type1/public/amsfonts/cm/cmmi12.pfb><D:/miktex/texmfs/in
stall/fonts/type1/public/amsfonts/cm/cmr12.pfb><D:/miktex/texmfs/install/fonts/
type1/public/amsfonts/cm/cmr17.pfb><D:/miktex/texmfs/install/fonts/type1/public
/amsfonts/cm/cmsy10.pfb><D:/miktex/texmfs/install/fonts/type1/public/amsfonts/c
m/cmtt12.pfb>
Output written on "FTDIProgrammer User Manual.pdf" (9 pages, 285096 bytes).
PDF statistics:
 172 PDF objects out of 1000 (max. 8388607)
 38 named destinations out of 1000 (max. 500000)
 109 words of extra memory for PDF output out of 10000 (max. 10000000)

